<?xml version="1.0" encoding="UTF-8" ?>
<testsuite tests="4" failures="0" name="NumberConverter.ArabicToRomanTest" time="0.012" errors="0" skipped="0">
  <properties>
[...]
</properties>
  <testcase classname="NumberConverter.ArabicToRomanTest" name="convertMCMXLIV" time="0.012"/>
  <testcase classname="NumberConverter.ArabicToRomanTest" name="convertII" time="0"/>
  <testcase classname="NumberConverter.ArabicToRomanTest" name="convertXX" time="0"/>
  <testcase classname="NumberConverter.ArabicToRomanTest" name="convertDCCCXLVII" time="0"/>
</testsuite>